========================================
Boot Time:
2026-07-23 19:57:58

Hostname:
saman-Lenovo-IdeaPad-Z500

Username:
saman

OS:
Ubuntu 26.04 LTS

Kernel:
7.0.0-28-generic

Architecture:
x86_64

CPU:
Intel(R) Core(TM) i5-3230M CPU @ 2.60GHz

RAM:
7.1Gi

IP Address:
31.171.101.34

Timezone:
Asia/Tehran

Uptime:
up 1 hour, 12 minutes

Git Branch:
main

Repository:
/home/saman/Desktop/open code/github activity/github-daily-activity

========================================
========================================
Boot Time:
2026-07-23 19:58:55

Hostname:
saman-Lenovo-IdeaPad-Z500

Username:
saman

OS:
Ubuntu 26.04 LTS

Kernel:
7.0.0-28-generic

Architecture:
x86_64

CPU:
Intel(R) Core(TM) i5-3230M CPU @ 2.60GHz

RAM:
7.1Gi

IP Address:
31.171.100.160

Timezone:
Asia/Tehran

Uptime:
up 1 hour, 13 minutes

Git Branch:
main

Repository:
/home/saman/Desktop/open code/github activity/github-daily-activity

========================================
